Merge mode: re-rendering only ['luffy', 'nami']; keeping the rest.
Keeping 439 existing clips; re-rendering 168.
  ✓ two-sum-0  [luffy/GuyNeural]  42KB
  ✓ two-sum-7  [luffy/GuyNeural]  37KB
  ✓ two-sum-1  [nami/JennyNeural]  42KB
  ✓ two-sum-ii-2  [nami/JennyNeural]  60KB
  ✓ two-sum-6  [nami/JennyNeural]  44KB
  ✓ two-sum-ii-4  [nami/JennyNeural]  34KB
  ✓ two-sum-ii-6  [nami/JennyNeural]  41KB
  ✓ linked-list-cycle-2  [luffy/GuyNeural]  32KB
  ✓ linked-list-cycle-0  [luffy/GuyNeural]  52KB
  ✓ linked-list-cycle-4  [luffy/GuyNeural]  47KB
  ✓ two-sum-ii-1  [nami/JennyNeural]  46KB
  ✓ merge-intervals-ep-1  [nami/JennyNeural]  18KB
  ✓ merge-intervals-ep-5  [nami/JennyNeural]  63KB
  ✓ search-rotated-sorted-array-1  [luffy/GuyNeural]  21KB
  ✓ merge-intervals-ep-4  [nami/JennyNeural]  36KB
  ✓ daily-temperatures-4  [luffy/GuyNeural]  21KB
  ✓ merge-intervals-ep-2  [nami/JennyNeural]  59KB
  ✓ linked-list-cycle-6  [luffy/GuyNeural]  54KB
  ✓ next-greater-element-ii-9  [luffy/GuyNeural]  32KB
  ✓ online-stock-span-0  [nami/JennyNeural]  92KB
  ✓ search-rotated-sorted-array-6  [luffy/GuyNeural]  30KB
  ✓ daily-temperatures-11  [luffy/GuyNeural]  45KB
  ✓ online-stock-span-2  [nami/JennyNeural]  50KB
  ✓ online-stock-span-1  [nami/JennyNeural]  45KB
  ✓ online-stock-span-3  [luffy/GuyNeural]  14KB
  ✓ online-stock-span-4  [nami/JennyNeural]  62KB
  ✓ online-stock-span-6  [nami/JennyNeural]  51KB
  ✓ online-stock-span-5  [nami/JennyNeural]  86KB
  ✓ online-stock-span-9  [luffy/GuyNeural]  48KB
  ✓ range-sum-query-immutable-0  [luffy/GuyNeural]  24KB
  ✓ online-stock-span-8  [nami/JennyNeural]  136KB
  ✓ range-sum-query-immutable-2  [nami/JennyNeural]  64KB
  ✓ range-sum-query-immutable-1  [nami/JennyNeural]  71KB
  ✓ online-stock-span-7  [nami/JennyNeural]  114KB
  ✓ range-sum-query-immutable-4  [nami/JennyNeural]  87KB
  ✓ range-sum-query-immutable-5  [luffy/GuyNeural]  15KB
  ✓ range-sum-query-immutable-3  [nami/JennyNeural]  79KB
  ✓ range-sum-query-immutable-6  [nami/JennyNeural]  61KB
  ✓ range-sum-query-immutable-7  [luffy/GuyNeural]  34KB
  ✓ reverse-linked-list-ii-1  [nami/JennyNeural]  41KB
  ✓ reverse-linked-list-1  [nami/JennyNeural]  80KB
  ✓ swap-nodes-in-pairs-0  [luffy/GuyNeural]  58KB
  ✓ swap-nodes-in-pairs-1  [nami/JennyNeural]  60KB
  ✓ reverse-linked-list-7  [luffy/GuyNeural]  48KB
  ✓ moving-average-from-data-stream-1  [nami/JennyNeural]  55KB
  ✓ sliding-window-maximum-1  [nami/JennyNeural]  69KB
  ✓ reverse-linked-list-ii-9  [luffy/GuyNeural]  32KB
  ✓ sliding-window-maximum-11  [luffy/GuyNeural]  49KB
  ✓ design-circular-deque-1  [nami/JennyNeural]  59KB
  ✓ design-circular-deque-7  [nami/JennyNeural]  31KB
  ✓ binary-tree-level-order-traversal-1  [nami/JennyNeural]  61KB
  ✓ diameter-of-binary-tree-0  [nami/JennyNeural]  95KB
  ✓ binary-tree-level-order-traversal-8  [luffy/GuyNeural]  52KB
  ✓ moving-average-from-data-stream-7  [luffy/GuyNeural]  40KB
  ✓ maximum-depth-of-binary-tree-7  [luffy/GuyNeural]  51KB
  ✓ diameter-of-binary-tree-7  [nami/JennyNeural]  75KB
  ✓ diameter-of-binary-tree-8  [luffy/GuyNeural]  45KB
  ✓ validate-binary-search-tree-8  [nami/JennyNeural]  56KB
  ✓ lowest-common-ancestor-of-a-bst-8  [luffy/GuyNeural]  47KB
  ✓ lowest-common-ancestor-of-a-bst-1  [nami/JennyNeural]  71KB
  ✓ validate-binary-search-tree-9  [luffy/GuyNeural]  37KB
  ✓ kth-smallest-element-in-a-bst-2  [nami/JennyNeural]  59KB
  ✓ top-k-frequent-elements-1  [nami/JennyNeural]  58KB
  ✓ kth-largest-element-in-an-array-10  [luffy/GuyNeural]  39KB
  ✓ kth-smallest-element-in-a-bst-9  [luffy/GuyNeural]  34KB
  ✓ kth-largest-element-in-an-array-1  [nami/JennyNeural]  40KB
  ✓ merge-k-sorted-lists-1  [nami/JennyNeural]  38KB
  ✓ merge-k-sorted-lists-12  [luffy/GuyNeural]  29KB
  ✓ top-k-frequent-elements-7  [luffy/GuyNeural]  32KB
  ✓ subsets-6  [nami/JennyNeural]  38KB
  ✓ permutations-9  [luffy/GuyNeural]  29KB
  ✓ subsets-10  [luffy/GuyNeural]  41KB
  ✓ permutations-7  [nami/JennyNeural]  44KB
  ✓ combination-sum-1  [nami/JennyNeural]  68KB
  ✓ course-schedule-3  [nami/JennyNeural]  78KB
  ✓ combination-sum-9  [luffy/GuyNeural]  35KB
  ✓ course-schedule-4  [nami/JennyNeural]  57KB
  ✓ course-schedule-5  [nami/JennyNeural]  52KB
  ✓ course-schedule-6  [nami/JennyNeural]  26KB
  ✓ number-of-islands-9  [luffy/GuyNeural]  56KB
  ✓ number-of-provinces-0  [nami/JennyNeural]  82KB
  ✓ number-of-provinces-3  [nami/JennyNeural]  42KB
  ✓ number-of-provinces-4  [nami/JennyNeural]  48KB
  ✓ course-schedule-8  [luffy/GuyNeural]  45KB
  ✓ climbing-stairs-8  [luffy/GuyNeural]  41KB
  ✓ house-robber-1  [luffy/GuyNeural]  19KB
  ✓ climbing-stairs-1  [nami/JennyNeural]  57KB
  ✓ house-robber-0  [nami/JennyNeural]  70KB
  ✓ house-robber-9  [luffy/GuyNeural]  27KB
  ✓ house-robber-8  [nami/JennyNeural]  44KB
  ✓ coin-change-0  [nami/JennyNeural]  69KB
  ✓ coin-change-9  [luffy/GuyNeural]  30KB
  ✓ number-of-provinces-6  [luffy/GuyNeural]  55KB
  ✓ jump-game-1  [luffy/GuyNeural]  19KB
  ✓ gas-station-1  [luffy/GuyNeural]  20KB
  ✓ gas-station-0  [nami/JennyNeural]  82KB
  ✓ gas-station-4  [nami/JennyNeural]  63KB
  ✓ jump-game-8  [luffy/GuyNeural]  53KB
  ✓ gas-station-5  [nami/JennyNeural]  55KB
  ✓ gas-station-7  [nami/JennyNeural]  57KB
  ✓ gas-station-6  [nami/JennyNeural]  58KB
  ✓ gas-station-3  [nami/JennyNeural]  80KB
  ✓ min-arrows-burst-balloons-8  [luffy/GuyNeural]  29KB
  ✓ gas-station-9  [luffy/GuyNeural]  35KB
  ✓ single-number-10  [luffy/GuyNeural]  48KB
  ✓ gas-station-2  [nami/JennyNeural]  129KB
  ✓ single-number-1  [nami/JennyNeural]  62KB
  ✓ number-of-1-bits-1  [nami/JennyNeural]  58KB
  ✓ implement-trie-prefix-tree-7  [luffy/GuyNeural]  31KB
  ✓ implement-trie-prefix-tree-5  [nami/JennyNeural]  71KB
  ✓ number-of-1-bits-9  [luffy/GuyNeural]  46KB
  ✓ counting-bits-1  [nami/JennyNeural]  50KB
  ✓ design-add-and-search-words-5  [luffy/GuyNeural]  44KB
  ✓ design-add-and-search-words-8  [nami/JennyNeural]  61KB
  ✓ replace-words-0  [luffy/GuyNeural]  42KB
  ✓ design-add-and-search-words-2  [nami/JennyNeural]  63KB
  ✓ replace-words-5  [nami/JennyNeural]  50KB
  ✓ replace-words-11  [luffy/GuyNeural]  31KB
  ✓ group-anagrams-4  [nami/JennyNeural]  23KB
  ✓ group-anagrams-2  [nami/JennyNeural]  78KB
  ✓ group-anagrams-3  [nami/JennyNeural]  29KB
  ✓ group-anagrams-6  [nami/JennyNeural]  17KB
  ✓ group-anagrams-7  [nami/JennyNeural]  16KB
  ✓ group-anagrams-5  [nami/JennyNeural]  21KB
  ✓ group-anagrams-8  [nami/JennyNeural]  27KB
  ✓ longest-consecutive-sequence-1  [luffy/GuyNeural]  27KB
  ✓ group-anagrams-10  [luffy/GuyNeural]  49KB
  ✓ container-with-most-water-5  [nami/JennyNeural]  68KB
  ✓ longest-consecutive-sequence-9  [luffy/GuyNeural]  28KB
  ✓ three-sum-3  [nami/JennyNeural]  44KB
  ✓ container-with-most-water-1  [nami/JennyNeural]  44KB
  ✓ three-sum-4  [nami/JennyNeural]  80KB
  ✓ three-sum-5  [nami/JennyNeural]  43KB
  ✓ three-sum-6  [nami/JennyNeural]  56KB
  ✓ minimum-window-substring-1  [luffy/GuyNeural]  43KB
  ✓ three-sum-7  [nami/JennyNeural]  44KB
  ✓ minimum-window-substring-2  [nami/JennyNeural]  43KB
  ✓ minimum-window-substring-11  [nami/JennyNeural]  57KB
  ✓ longest-repeating-character-replacement-1  [luffy/GuyNeural]  19KB
  ✓ three-sum-2  [nami/JennyNeural]  74KB
  ✓ linked-list-cycle-ii-2  [luffy/GuyNeural]  29KB
  ✓ minimum-window-substring-12  [luffy/GuyNeural]  29KB
  ✓ linked-list-cycle-ii-4  [luffy/GuyNeural]  36KB
  ✓ linked-list-cycle-ii-7  [luffy/GuyNeural]  42KB
  ✓ middle-of-the-linked-list-4  [nami/JennyNeural]  38KB
  ✓ longest-repeating-character-replacement-11  [luffy/GuyNeural]  46KB
  ✓ insert-interval-1  [nami/JennyNeural]  75KB
  ✓ middle-of-the-linked-list-5  [nami/JennyNeural]  68KB
  ✓ middle-of-the-linked-list-7  [luffy/GuyNeural]  47KB
  ✓ insert-interval-5  [nami/JennyNeural]  62KB
  ✓ non-overlapping-intervals-3  [nami/JennyNeural]  42KB
  ✓ middle-of-the-linked-list-2  [nami/JennyNeural]  90KB
  ✓ insert-interval-6  [luffy/GuyNeural]  41KB
  ✓ non-overlapping-intervals-4  [nami/JennyNeural]  69KB
  ✓ non-overlapping-intervals-7  [nami/JennyNeural]  70KB
  ✓ non-overlapping-intervals-5  [nami/JennyNeural]  64KB
  ✓ find-minimum-in-rotated-sorted-array-4  [nami/JennyNeural]  33KB
  ✓ find-minimum-in-rotated-sorted-array-3  [nami/JennyNeural]  119KB
  ✓ find-minimum-in-rotated-sorted-array-6  [nami/JennyNeural]  17KB
  ✓ find-minimum-in-rotated-sorted-array-2  [nami/JennyNeural]  65KB
  ✓ find-minimum-in-rotated-sorted-array-5  [nami/JennyNeural]  96KB
  ✓ non-overlapping-intervals-8  [luffy/GuyNeural]  60KB
  ✓ find-minimum-in-rotated-sorted-array-8  [nami/JennyNeural]  22KB
  ✓ find-minimum-in-rotated-sorted-array-7  [nami/JennyNeural]  86KB
  ✓ koko-eating-bananas-1  [luffy/GuyNeural]  54KB
  ✓ koko-eating-bananas-0  [nami/JennyNeural]  88KB
  ✓ find-minimum-in-rotated-sorted-array-10  [luffy/GuyNeural]  41KB
  ✓ koko-eating-bananas-12  [luffy/GuyNeural]  56KB

Done: 607 lines, 0 failed. Manifest -> /home/tbaral/research/portfolio/DSA_tool/data/episodes/audio/manifest.json
